This file contains any messages produced by compilers while
running configure, to aid debugging if configure makes a mistake.

It was created by RNAforester configure 2.0.1, which was
generated by GNU Autoconf 2.71.  Invocation command line was

  $ ./configure --disable-option-checking --prefix=/home/zaitpub04/hyj/RhoDesign/RhoDesign/data/tool/DRFold/ViennaRNA CC=gcc CXX=g++ 'CFLAGS=-g -O2' 'CXXFLAGS=-g -O2' AR=ar RANLIB=ranlib 'NM=/usr/bin/nm -B' 'VRNA_CFLAGS=-I$(top_srcdir)/../../src/ViennaRNA -I$(top_srcdir)/../../src -DVRNA_WITH_NAVIEW_LAYOUT' 'VRNA_LIBS=-fno-strict-aliasing -L$(top_builddir)/../../src/ViennaRNA -lRNA -fopenmp -lpthread -lstdc++' --cache-file=/dev/null --srcdir=. --no-create --no-recursion

## --------- ##
## Platform. ##
## --------- ##

hostname = gpu-server
uname -m = x86_64
uname -r = 6.8.0-40-generic
uname -s = Linux
uname -v = #40~22.04.3-Ubuntu SMP PREEMPT_DYNAMIC Tue Jul 30 17:30:19 UTC 2

/usr/bin/uname -p = x86_64
/bin/uname -X     = unknown

/bin/arch              = x86_64
/usr/bin/arch -k       = unknown
/usr/convex/getsysinfo = unknown
/usr/bin/hostinfo      = unknown
/bin/machine           = unknown
/usr/bin/oslevel       = unknown
/bin/universe          = unknown

PATH: /home/zaitpub04/.local/bin/
PATH: /usr/local/cuda-12.1/bin/
PATH: $PATH/
PATH: /usr/bin/
PATH: /home/zaitpub04/hyj/MPBind/


## ----------- ##
## Core tests. ##
## ----------- ##

configure:2650: looking for aux files: compile missing install-sh
configure:2663:  trying ./
configure:2692:   ./compile found
configure:2692:   ./missing found
configure:2674:   ./install-sh found
configure:2817: checking whether make supports nested variables
configure:2835: result: yes
configure:2864: checking for a BSD-compatible install
configure:2937: result: /usr/bin/install -c
configure:2948: checking whether build environment is sane
configure:3003: result: yes
configure:3162: checking for a race-free mkdir -p
configure:3206: result: /usr/bin/mkdir -p
configure:3213: checking for gawk
configure:3248: result: no
configure:3213: checking for mawk
configure:3234: found /usr/bin/mawk
configure:3245: result: mawk
configure:3256: checking whether make sets $(MAKE)
configure:3279: result: yes
configure:3554: checking for C++ compiler version
configure:3563: g++ --version >&5
g++ (Ubuntu 11.4.0-1ubuntu1~22.04) 11.4.0
Copyright (C) 2021 Free Software Foundation, Inc.
This is free software; see the source for copying conditions.  There is NO
warranty; not even for MERCHANTABILITY or FITNESS FOR A PARTICULAR PURPOSE.

configure:3574: $? = 0
configure:3563: g++ -v >&5
Using built-in specs.
COLLECT_GCC=g++
COLLECT_LTO_WRAPPER=/usr/lib/gcc/x86_64-linux-gnu/11/lto-wrapper
OFFLOAD_TARGET_NAMES=nvptx-none:amdgcn-amdhsa
OFFLOAD_TARGET_DEFAULT=1
Target: x86_64-linux-gnu
Configured with: ../src/configure -v --with-pkgversion='Ubuntu 11.4.0-1ubuntu1~22.04' --with-bugurl=file:///usr/share/doc/gcc-11/README.Bugs --enable-languages=c,ada,c++,go,brig,d,fortran,objc,obj-c++,m2 --prefix=/usr --with-gcc-major-version-only --program-suffix=-11 --program-prefix=x86_64-linux-gnu- --enable-shared --enable-linker-build-id --libexecdir=/usr/lib --without-included-gettext --enable-threads=posix --libdir=/usr/lib --enable-nls --enable-bootstrap --enable-clocale=gnu --enable-libstdcxx-debug --enable-libstdcxx-time=yes --with-default-libstdcxx-abi=new --enable-gnu-unique-object --disable-vtable-verify --enable-plugin --enable-default-pie --with-system-zlib --enable-libphobos-checking=release --with-target-system-zlib=auto --enable-objc-gc=auto --enable-multiarch --disable-werror --enable-cet --with-arch-32=i686 --with-abi=m64 --with-multilib-list=m32,m64,mx32 --enable-multilib --with-tune=generic --enable-offload-targets=nvptx-none=/build/gcc-11-XeT9lY/gcc-11-11.4.0/debian/tmp-nvptx/usr,amdgcn-amdhsa=/build/gcc-11-XeT9lY/gcc-11-11.4.0/debian/tmp-gcn/usr --without-cuda-driver --enable-checking=release --build=x86_64-linux-gnu --host=x86_64-linux-gnu --target=x86_64-linux-gnu --with-build-config=bootstrap-lto-lean --enable-link-serialization=2
Thread model: posix
Supported LTO compression algorithms: zlib zstd
gcc version 11.4.0 (Ubuntu 11.4.0-1ubuntu1~22.04) 
... rest of stderr output deleted ...
configure:3574: $? = 0
configure:3563: g++ -V >&5
g++: error: unrecognized command-line option '-V'
g++: fatal error: no input files
compilation terminated.
configure:3574: $? = 1
configure:3563: g++ -qversion >&5
g++: error: unrecognized command-line option '-qversion'; did you mean '--version'?
g++: fatal error: no input files
compilation terminated.
configure:3574: $? = 1
configure:3594: checking whether the C++ compiler works
configure:3616: g++ -g -O2   conftest.cpp  >&5
configure:3620: $? = 0
configure:3670: result: yes
configure:3673: checking for C++ compiler default output file name
configure:3675: result: a.out
configure:3681: checking for suffix of executables
configure:3688: g++ -o conftest -g -O2   conftest.cpp  >&5
configure:3692: $? = 0
configure:3715: result: 
configure:3737: checking whether we are cross compiling
configure:3745: g++ -o conftest -g -O2   conftest.cpp  >&5
configure:3749: $? = 0
configure:3756: ./conftest
configure:3760: $? = 0
configure:3775: result: no
configure:3780: checking for suffix of object files
configure:3803: g++ -c -g -O2  conftest.cpp >&5
configure:3807: $? = 0
configure:3829: result: o
configure:3833: checking whether the compiler supports GNU C++
configure:3853: g++ -c -g -O2  conftest.cpp >&5
configure:3853: $? = 0
configure:3863: result: yes
configure:3874: checking whether g++ accepts -g
configure:3895: g++ -c -g  conftest.cpp >&5
configure:3895: $? = 0
configure:3939: result: yes
configure:3959: checking for g++ option to enable C++11 features
configure:3974: g++  -c -g -O2  conftest.cpp >&5
conftest.cpp: In function 'int main(int, char**)':
conftest.cpp:177:25: warning: empty parentheses were disambiguated as a function declaration [-Wvexing-parse]
  177 |   cxx11test::delegate d2();
      |                         ^~
conftest.cpp:177:25: note: remove parentheses to default-initialize a variable
  177 |   cxx11test::delegate d2();
      |                         ^~
      |                         --
conftest.cpp:177:25: note: or replace parentheses with braces to value-initialize a variable
configure:3974: $? = 0
configure:3992: result: none needed
configure:4059: checking whether make supports the include directive
configure:4074: make -f confmf.GNU && cat confinc.out
make[3]: Entering directory '/home/zaitpub04/hyj/RhoDesign/RhoDesign/data/tool/DRFold/ViennaRNA-2.6.4/src/RNAforester'
make[3]: Leaving directory '/home/zaitpub04/hyj/RhoDesign/RhoDesign/data/tool/DRFold/ViennaRNA-2.6.4/src/RNAforester'
this is the am__doit target
configure:4077: $? = 0
configure:4096: result: yes (GNU style)
configure:4122: checking dependency style of g++
configure:4234: result: gcc3
configure:4311: checking for gcc
configure:4343: result: gcc
configure:4696: checking for C compiler version
configure:4705: gcc --version >&5
gcc (Ubuntu 11.4.0-1ubuntu1~22.04) 11.4.0
Copyright (C) 2021 Free Software Foundation, Inc.
This is free software; see the source for copying conditions.  There is NO
warranty; not even for MERCHANTABILITY or FITNESS FOR A PARTICULAR PURPOSE.

configure:4716: $? = 0
configure:4705: gcc -v >&5
Using built-in specs.
COLLECT_GCC=gcc
COLLECT_LTO_WRAPPER=/usr/lib/gcc/x86_64-linux-gnu/11/lto-wrapper
OFFLOAD_TARGET_NAMES=nvptx-none:amdgcn-amdhsa
OFFLOAD_TARGET_DEFAULT=1
Target: x86_64-linux-gnu
Configured with: ../src/configure -v --with-pkgversion='Ubuntu 11.4.0-1ubuntu1~22.04' --with-bugurl=file:///usr/share/doc/gcc-11/README.Bugs --enable-languages=c,ada,c++,go,brig,d,fortran,objc,obj-c++,m2 --prefix=/usr --with-gcc-major-version-only --program-suffix=-11 --program-prefix=x86_64-linux-gnu- --enable-shared --enable-linker-build-id --libexecdir=/usr/lib --without-included-gettext --enable-threads=posix --libdir=/usr/lib --enable-nls --enable-bootstrap --enable-clocale=gnu --enable-libstdcxx-debug --enable-libstdcxx-time=yes --with-default-libstdcxx-abi=new --enable-gnu-unique-object --disable-vtable-verify --enable-plugin --enable-default-pie --with-system-zlib --enable-libphobos-checking=release --with-target-system-zlib=auto --enable-objc-gc=auto --enable-multiarch --disable-werror --enable-cet --with-arch-32=i686 --with-abi=m64 --with-multilib-list=m32,m64,mx32 --enable-multilib --with-tune=generic --enable-offload-targets=nvptx-none=/build/gcc-11-XeT9lY/gcc-11-11.4.0/debian/tmp-nvptx/usr,amdgcn-amdhsa=/build/gcc-11-XeT9lY/gcc-11-11.4.0/debian/tmp-gcn/usr --without-cuda-driver --enable-checking=release --build=x86_64-linux-gnu --host=x86_64-linux-gnu --target=x86_64-linux-gnu --with-build-config=bootstrap-lto-lean --enable-link-serialization=2
Thread model: posix
Supported LTO compression algorithms: zlib zstd
gcc version 11.4.0 (Ubuntu 11.4.0-1ubuntu1~22.04) 
... rest of stderr output deleted ...
configure:4716: $? = 0
configure:4705: gcc -V >&5
gcc: error: unrecognized command-line option '-V'
gcc: fatal error: no input files
compilation terminated.
configure:4716: $? = 1
configure:4705: gcc -qversion >&5
gcc: error: unrecognized command-line option '-qversion'; did you mean '--version'?
gcc: fatal error: no input files
compilation terminated.
configure:4716: $? = 1
configure:4705: gcc -version >&5
gcc: error: unrecognized command-line option '-version'
gcc: fatal error: no input files
compilation terminated.
configure:4716: $? = 1
configure:4720: checking whether the compiler supports GNU C
configure:4740: gcc -c -g -O2  conftest.c >&5
configure:4740: $? = 0
configure:4750: result: yes
configure:4761: checking whether gcc accepts -g
configure:4782: gcc -c -g  conftest.c >&5
configure:4782: $? = 0
configure:4826: result: yes
configure:4846: checking for gcc option to enable C11 features
configure:4861: gcc  -c -g -O2  conftest.c >&5
configure:4861: $? = 0
configure:4879: result: none needed
configure:4995: checking whether gcc understands -c and -o together
configure:5018: gcc -c conftest.c -o conftest2.o
configure:5021: $? = 0
configure:5018: gcc -c conftest.c -o conftest2.o
configure:5021: $? = 0
configure:5033: result: yes
configure:5052: checking dependency style of gcc
configure:5164: result: gcc3
configure:5190: checking for flex
configure:5225: result: no
configure:5190: checking for lex
configure:5225: result: no
configure:5493: checking for bison
configure:5528: result: no
configure:5493: checking for byacc
configure:5528: result: no
configure:5550: checking for g++ option to support OpenMP
configure:5572: g++ -c -g -O2   conftest.cpp >&5
conftest.cpp:13:2: error: #error "OpenMP not supported"
   13 | #error "OpenMP not supported"
      |  ^~~~~
configure:5572: $? = 1
configure: failed program was:
| /* confdefs.h */
| #define PACKAGE_NAME "RNAforester"
| #define PACKAGE_TARNAME "RNAforester"
| #define PACKAGE_VERSION "2.0.1"
| #define PACKAGE_STRING "RNAforester 2.0.1"
| #define PACKAGE_BUGREPORT "sschirme@techfak.uni-bielefeld.de"
| #define PACKAGE_URL ""
| #define PACKAGE "RNAforester"
| #define VERSION "2.0.1"
| /* end confdefs.h.  */
| 
| #ifndef _OPENMP
| #error "OpenMP not supported"
| #endif
| #include <omp.h>
| int main (void) { return omp_get_num_threads (); }
| 
configure:5572: g++ -c -g -O2 -fopenmp  conftest.cpp >&5
configure:5572: $? = 0
configure:5584: g++ -o conftest -g -O2 -fopenmp   conftest.cpp  >&5
configure:5584: $? = 0
configure:5607: result: -fopenmp
configure:5677: checking for pkg-config
configure:5700: found /usr/bin/pkg-config
configure:5712: result: /usr/bin/pkg-config
configure:5737: checking pkg-config is at least version 0.9.0
configure:5740: result: yes
configure:5750: checking for RNAlib2
configure:5835: result: yes
configure:5967: checking for stdio.h
configure:5967: g++ -c -g -O2 -Ig2-0.72/src/  conftest.cpp >&5
configure:5967: $? = 0
configure:5967: result: yes
configure:5967: checking for stdlib.h
configure:5967: g++ -c -g -O2 -Ig2-0.72/src/  conftest.cpp >&5
configure:5967: $? = 0
configure:5967: result: yes
configure:5967: checking for string.h
configure:5967: g++ -c -g -O2 -Ig2-0.72/src/  conftest.cpp >&5
configure:5967: $? = 0
configure:5967: result: yes
configure:5967: checking for inttypes.h
configure:5967: g++ -c -g -O2 -Ig2-0.72/src/  conftest.cpp >&5
configure:5967: $? = 0
configure:5967: result: yes
configure:5967: checking for stdint.h
configure:5967: g++ -c -g -O2 -Ig2-0.72/src/  conftest.cpp >&5
configure:5967: $? = 0
configure:5967: result: yes
configure:5967: checking for strings.h
configure:5967: g++ -c -g -O2 -Ig2-0.72/src/  conftest.cpp >&5
configure:5967: $? = 0
configure:5967: result: yes
configure:5967: checking for sys/stat.h
configure:5967: g++ -c -g -O2 -Ig2-0.72/src/  conftest.cpp >&5
configure:5967: $? = 0
configure:5967: result: yes
configure:5967: checking for sys/types.h
configure:5967: g++ -c -g -O2 -Ig2-0.72/src/  conftest.cpp >&5
configure:5967: $? = 0
configure:5967: result: yes
configure:5967: checking for unistd.h
configure:5967: g++ -c -g -O2 -Ig2-0.72/src/  conftest.cpp >&5
configure:5967: $? = 0
configure:5967: result: yes
configure:5993: checking for grep that handles long lines and -e
configure:6057: result: /usr/bin/grep
configure:6062: checking for egrep
configure:6130: result: /usr/bin/grep -E
configure:6136: checking for g2.h
configure:6136: g++ -c -g -O2 -Ig2-0.72/src/  conftest.cpp >&5
configure:6136: $? = 0
configure:6136: result: yes
configure:6148: checking for an ANSI C-conforming const
configure:6215: g++ -c -g -O2 -Ig2-0.72/src/  conftest.cpp >&5
configure:6215: $? = 0
configure:6223: result: yes
configure:6231: checking for inline
configure:6248: g++ -c -g -O2 -Ig2-0.72/src/  conftest.cpp >&5
configure:6248: $? = 0
configure:6257: result: inline
configure:6275: checking for size_t
configure:6275: g++ -c -g -O2 -Ig2-0.72/src/  conftest.cpp >&5
configure:6275: $? = 0
configure:6275: g++ -c -g -O2 -Ig2-0.72/src/  conftest.cpp >&5
conftest.cpp: In function 'int main()':
conftest.cpp:54:20: error: expected primary-expression before ')' token
   54 | if (sizeof ((size_t)))
      |                    ^
configure:6275: $? = 1
configure: failed program was:
| /* confdefs.h */
| #define PACKAGE_NAME "RNAforester"
| #define PACKAGE_TARNAME "RNAforester"
| #define PACKAGE_VERSION "2.0.1"
| #define PACKAGE_STRING "RNAforester 2.0.1"
| #define PACKAGE_BUGREPORT "sschirme@techfak.uni-bielefeld.de"
| #define PACKAGE_URL ""
| #define PACKAGE "RNAforester"
| #define VERSION "2.0.1"
| #define HAVE_LIBRNA /**/
| #define HAVE_STDIO_H 1
| #define HAVE_STDLIB_H 1
| #define HAVE_STRING_H 1
| #define HAVE_INTTYPES_H 1
| #define HAVE_STDINT_H 1
| #define HAVE_STRINGS_H 1
| #define HAVE_SYS_STAT_H 1
| #define HAVE_SYS_TYPES_H 1
| #define HAVE_UNISTD_H 1
| #define STDC_HEADERS 1
| #define HAVE_LIBG2 1
| /* end confdefs.h.  */
| #include <stddef.h>
| #ifdef HAVE_STDIO_H
| # include <stdio.h>
| #endif
| #ifdef HAVE_STDLIB_H
| # include <stdlib.h>
| #endif
| #ifdef HAVE_STRING_H
| # include <string.h>
| #endif
| #ifdef HAVE_INTTYPES_H
| # include <inttypes.h>
| #endif
| #ifdef HAVE_STDINT_H
| # include <stdint.h>
| #endif
| #ifdef HAVE_STRINGS_H
| # include <strings.h>
| #endif
| #ifdef HAVE_SYS_TYPES_H
| # include <sys/types.h>
| #endif
| #ifdef HAVE_SYS_STAT_H
| # include <sys/stat.h>
| #endif
| #ifdef HAVE_UNISTD_H
| # include <unistd.h>
| #endif
| int
| main (void)
| {
| if (sizeof ((size_t)))
| 	    return 0;
|   ;
|   return 0;
| }
configure:6275: result: yes
configure:6406: checking that generated files are newer than configure
configure:6412: result: done
configure:6439: creating ./config.status

## ---------------- ##
## Cache variables. ##
## ---------------- ##

ac_cv_c_compiler_gnu=yes
ac_cv_c_const=yes
ac_cv_c_inline=inline
ac_cv_cxx_compiler_gnu=yes
ac_cv_env_CCC_set=
ac_cv_env_CCC_value=
ac_cv_env_CC_set=set
ac_cv_env_CC_value=gcc
ac_cv_env_CFLAGS_set=set
ac_cv_env_CFLAGS_value='-g -O2'
ac_cv_env_CPPFLAGS_set=
ac_cv_env_CPPFLAGS_value=
ac_cv_env_CXXFLAGS_set=set
ac_cv_env_CXXFLAGS_value='-g -O2'
ac_cv_env_CXX_set=set
ac_cv_env_CXX_value=g++
ac_cv_env_LDFLAGS_set=
ac_cv_env_LDFLAGS_value=
ac_cv_env_LIBS_set=
ac_cv_env_LIBS_value=
ac_cv_env_PKG_CONFIG_LIBDIR_set=
ac_cv_env_PKG_CONFIG_LIBDIR_value=
ac_cv_env_PKG_CONFIG_PATH_set=
ac_cv_env_PKG_CONFIG_PATH_value=
ac_cv_env_PKG_CONFIG_set=
ac_cv_env_PKG_CONFIG_value=
ac_cv_env_VRNA_CFLAGS_set=set
ac_cv_env_VRNA_CFLAGS_value='-I$(top_srcdir)/../../src/ViennaRNA -I$(top_srcdir)/../../src -DVRNA_WITH_NAVIEW_LAYOUT'
ac_cv_env_VRNA_LIBS_set=set
ac_cv_env_VRNA_LIBS_value='-fno-strict-aliasing -L$(top_builddir)/../../src/ViennaRNA -lRNA -fopenmp -lpthread -lstdc++'
ac_cv_env_YACC_set=
ac_cv_env_YACC_value=
ac_cv_env_YFLAGS_set=
ac_cv_env_YFLAGS_value=
ac_cv_env_build_alias_set=
ac_cv_env_build_alias_value=
ac_cv_env_host_alias_set=
ac_cv_env_host_alias_value=
ac_cv_env_target_alias_set=
ac_cv_env_target_alias_value=
ac_cv_header_g2_h=yes
ac_cv_header_inttypes_h=yes
ac_cv_header_stdint_h=yes
ac_cv_header_stdio_h=yes
ac_cv_header_stdlib_h=yes
ac_cv_header_string_h=yes
ac_cv_header_strings_h=yes
ac_cv_header_sys_stat_h=yes
ac_cv_header_sys_types_h=yes
ac_cv_header_unistd_h=yes
ac_cv_objext=o
ac_cv_path_EGREP='/usr/bin/grep -E'
ac_cv_path_GREP=/usr/bin/grep
ac_cv_path_ac_pt_PKG_CONFIG=/usr/bin/pkg-config
ac_cv_path_install='/usr/bin/install -c'
ac_cv_path_mkdir=/usr/bin/mkdir
ac_cv_prog_AWK=mawk
ac_cv_prog_ac_ct_CC=gcc
ac_cv_prog_cc_c11=
ac_cv_prog_cc_g=yes
ac_cv_prog_cc_stdc=
ac_cv_prog_cxx_11=no
ac_cv_prog_cxx_cxx11=
ac_cv_prog_cxx_g=yes
ac_cv_prog_cxx_openmp=-fopenmp
ac_cv_prog_cxx_stdcxx=
ac_cv_prog_make_make_set=yes
ac_cv_type_size_t=yes
am_cv_CC_dependencies_compiler_type=gcc3
am_cv_CXX_dependencies_compiler_type=gcc3
am_cv_make_support_nested_variables=yes
am_cv_prog_cc_c_o=yes
pkg_cv_VRNA_CFLAGS='-I$(top_srcdir)/../../src/ViennaRNA -I$(top_srcdir)/../../src -DVRNA_WITH_NAVIEW_LAYOUT'
pkg_cv_VRNA_LIBS='-fno-strict-aliasing -L$(top_builddir)/../../src/ViennaRNA -lRNA -fopenmp -lpthread -lstdc++'

## ----------------- ##
## Output variables. ##
## ----------------- ##

ACLOCAL='${SHELL} '\''/home/zaitpub04/hyj/RhoDesign/RhoDesign/data/tool/DRFold/ViennaRNA-2.6.4/src/RNAforester/missing'\'' aclocal-1.16'
AMDEPBACKSLASH='\'
AMDEP_FALSE='#'
AMDEP_TRUE=''
AMTAR='$${TAR-tar}'
AM_BACKSLASH='\'
AM_DEFAULT_V='$(AM_DEFAULT_VERBOSITY)'
AM_DEFAULT_VERBOSITY='0'
AM_V='$(V)'
AUTOCONF='${SHELL} '\''/home/zaitpub04/hyj/RhoDesign/RhoDesign/data/tool/DRFold/ViennaRNA-2.6.4/src/RNAforester/missing'\'' autoconf'
AUTOHEADER='${SHELL} '\''/home/zaitpub04/hyj/RhoDesign/RhoDesign/data/tool/DRFold/ViennaRNA-2.6.4/src/RNAforester/missing'\'' autoheader'
AUTOMAKE='${SHELL} '\''/home/zaitpub04/hyj/RhoDesign/RhoDesign/data/tool/DRFold/ViennaRNA-2.6.4/src/RNAforester/missing'\'' automake-1.16'
AWK='mawk'
CC='gcc'
CCDEPMODE='depmode=gcc3'
CFLAGS='-g -O2'
CPPFLAGS=' -I../g2-0.72/include/ '
CSCOPE='cscope'
CTAGS='ctags'
CXX='g++'
CXXDEPMODE='depmode=gcc3'
CXXFLAGS='-g -O2'
CYGPATH_W='echo'
DEFS='-DHAVE_CONFIG_H'
DEPDIR='.deps'
ECHO_C=''
ECHO_N='-n'
ECHO_T=''
EGREP='/usr/bin/grep -E'
ETAGS='etags'
EXEEXT=''
GREP='/usr/bin/grep'
INSTALL_DATA='${INSTALL} -m 644'
INSTALL_PROGRAM='${INSTALL}'
INSTALL_SCRIPT='${INSTALL}'
INSTALL_STRIP_PROGRAM='$(install_sh) -c -s'
LDFLAGS='-L../g2-0.72 '
LEX='${SHELL} '\''/home/zaitpub04/hyj/RhoDesign/RhoDesign/data/tool/DRFold/ViennaRNA-2.6.4/src/RNAforester/missing'\'' flex'
LEXLIB=''
LEX_OUTPUT_ROOT=''
LIBOBJS=''
LIBS='-lg2 '
LTLIBOBJS=''
MAKEINFO='${SHELL} '\''/home/zaitpub04/hyj/RhoDesign/RhoDesign/data/tool/DRFold/ViennaRNA-2.6.4/src/RNAforester/missing'\'' makeinfo'
MKDIR_P='/usr/bin/mkdir -p'
OBJEXT='o'
OPENMP_CXXFLAGS='-fopenmp'
PACKAGE='RNAforester'
PACKAGE_BUGREPORT='sschirme@techfak.uni-bielefeld.de'
PACKAGE_NAME='RNAforester'
PACKAGE_STRING='RNAforester 2.0.1'
PACKAGE_TARNAME='RNAforester'
PACKAGE_URL=''
PACKAGE_VERSION='2.0.1'
PATH_SEPARATOR=':'
PKG_CONFIG='/usr/bin/pkg-config'
PKG_CONFIG_LIBDIR=''
PKG_CONFIG_PATH=''
SET_MAKE=''
SHELL='/bin/bash'
STRIP=''
VERSION='2.0.1'
VRNA_CFLAGS='-I$(top_srcdir)/../../src/ViennaRNA -I$(top_srcdir)/../../src -DVRNA_WITH_NAVIEW_LAYOUT'
VRNA_LIBS='-fno-strict-aliasing -L$(top_builddir)/../../src/ViennaRNA -lRNA -fopenmp -lpthread -lstdc++'
YACC='yacc'
YFLAGS=''
ac_ct_CC='gcc'
ac_ct_CXX=''
am__EXEEXT_FALSE=''
am__EXEEXT_TRUE='#'
am__fastdepCC_FALSE='#'
am__fastdepCC_TRUE=''
am__fastdepCXX_FALSE='#'
am__fastdepCXX_TRUE=''
am__include='include'
am__isrc=''
am__leading_dot='.'
am__nodep='_no'
am__quote=''
am__tar='$${TAR-tar} chof - "$$tardir"'
am__untar='$${TAR-tar} xf -'
bindir='${exec_prefix}/bin'
build_alias=''
datadir='${datarootdir}'
datarootdir='${prefix}/share'
docdir='${datarootdir}/doc/${PACKAGE_TARNAME}'
dvidir='${docdir}'
exec_prefix='${prefix}'
host_alias=''
htmldir='${docdir}'
includedir='${prefix}/include'
infodir='${datarootdir}/info'
install_sh='${SHELL} /home/zaitpub04/hyj/RhoDesign/RhoDesign/data/tool/DRFold/ViennaRNA-2.6.4/src/RNAforester/install-sh'
libdir='${exec_prefix}/lib'
libexecdir='${exec_prefix}/libexec'
localedir='${datarootdir}/locale'
localstatedir='${prefix}/var'
mandir='${datarootdir}/man'
mkdir_p='$(MKDIR_P)'
oldincludedir='/usr/include'
pdfdir='${docdir}'
prefix='/home/zaitpub04/hyj/RhoDesign/RhoDesign/data/tool/DRFold/ViennaRNA'
program_transform_name='s,x,x,'
psdir='${docdir}'
runstatedir='${localstatedir}/run'
sbindir='${exec_prefix}/sbin'
sharedstatedir='${prefix}/com'
subdirs=' g2-0.72'
sysconfdir='${prefix}/etc'
target_alias=''

## ----------- ##
## confdefs.h. ##
## ----------- ##

/* confdefs.h */
#define PACKAGE_NAME "RNAforester"
#define PACKAGE_TARNAME "RNAforester"
#define PACKAGE_VERSION "2.0.1"
#define PACKAGE_STRING "RNAforester 2.0.1"
#define PACKAGE_BUGREPORT "sschirme@techfak.uni-bielefeld.de"
#define PACKAGE_URL ""
#define PACKAGE "RNAforester"
#define VERSION "2.0.1"
#define HAVE_LIBRNA /**/
#define HAVE_STDIO_H 1
#define HAVE_STDLIB_H 1
#define HAVE_STRING_H 1
#define HAVE_INTTYPES_H 1
#define HAVE_STDINT_H 1
#define HAVE_STRINGS_H 1
#define HAVE_SYS_STAT_H 1
#define HAVE_SYS_TYPES_H 1
#define HAVE_UNISTD_H 1
#define STDC_HEADERS 1
#define HAVE_LIBG2 1

configure: exit 0

## ---------------------- ##
## Running config.status. ##
## ---------------------- ##

This file was extended by RNAforester config.status 2.0.1, which was
generated by GNU Autoconf 2.71.  Invocation command line was

  CONFIG_FILES    = 
  CONFIG_HEADERS  = 
  CONFIG_LINKS    = 
  CONFIG_COMMANDS = 
  $ ./config.status 

on gpu-server

config.status:870: creating Makefile
config.status:870: creating src/Makefile
config.status:870: creating man/Makefile
config.status:870: creating config.h
config.status:1051: config.h is unchanged
config.status:1099: executing depfiles commands
config.status:1176: cd src       && sed -e '/# am--include-marker/d' Makefile         | make -f - am--depfiles
make[3]: Entering directory '/home/zaitpub04/hyj/RhoDesign/RhoDesign/data/tool/DRFold/ViennaRNA-2.6.4/src/RNAforester/src'
make[3]: Nothing to be done for 'am--depfiles'.
make[3]: Leaving directory '/home/zaitpub04/hyj/RhoDesign/RhoDesign/data/tool/DRFold/ViennaRNA-2.6.4/src/RNAforester/src'
config.status:1181: $? = 0

## ---------------------- ##
## Running config.status. ##
## ---------------------- ##

This file was extended by RNAforester config.status 2.0.1, which was
generated by GNU Autoconf 2.71.  Invocation command line was

  CONFIG_FILES    = 
  CONFIG_HEADERS  = 
  CONFIG_LINKS    = 
  CONFIG_COMMANDS = 
  $ ./config.status config.h

on gpu-server

config.status:870: creating config.h
config.status:1051: config.h is unchanged
